<?xml version="1.0" encoding="UTF-8"?>
<testng-results skipped="0" failed="1" ignored="0" total="4" passed="3">
  <reporter-output>
  </reporter-output>
  <suite name="Siute" duration-ms="27317" started-at="2020-06-04T22:08:06 CST" finished-at="2020-06-04T22:08:33 CST">
    <groups>
    </groups>
    <test name="RegisterTester" duration-ms="27317" started-at="2020-06-04T22:08:06 CST" finished-at="2020-06-04T22:08:33 CST">
      <class name="com.lemon.auto.phoenix.testcase.RegisterTester">
        <test-method status="PASS" signature="beforeSuite(java.lang.String, java.lang.String)[pri:0, instance:com.lemon.auto.phoenix.testcase.RegisterTester@62fdb4a6]" name="beforeSuite" is-config="true" duration-ms="3498" started-at="2020-06-04T22:08:02 CST" finished-at="2020-06-04T22:08:06 CST">
          <params>
            <param index="0">
              <value>
                <![CDATA[chrome]]>
              </value>
            </param>
            <param index="1">
              <value>
                <![CDATA[D:\java\chromedriver.exe]]>
              </value>
            </param>
          </params>
          <reporter-output>
          </reporter-output>
        </test-method> <!-- beforeSuite -->
        <test-method status="PASS" signature="test(java.lang.String, java.lang.String, java.lang.String, java.lang.String)[pri:0, instance:com.lemon.auto.phoenix.testcase.RegisterTester@62fdb4a6]" name="test" duration-ms="9770" started-at="2020-06-04T22:08:06 CST" data-provider="getDatas" finished-at="2020-06-04T22:08:16 CST">
          <params>
            <param index="0">
              <value>
                <![CDATA[14725803692]]>
              </value>
            </param>
            <param index="1">
              <value>
                <![CDATA[123456]]>
              </value>
            </param>
            <param index="2">
              <value>
                <![CDATA[8888]]>
              </value>
            </param>
            <param index="3">
              <value>
                <![CDATA[账号不存在!]]>
              </value>
            </param>
          </params>
          <reporter-output>
          </reporter-output>
        </test-method> <!-- test -->
        <test-method status="FAIL" signature="test(java.lang.String, java.lang.String, java.lang.String, java.lang.String)[pri:0, instance:com.lemon.auto.phoenix.testcase.RegisterTester@62fdb4a6]" name="test" duration-ms="7245" started-at="2020-06-04T22:08:16 CST" data-provider="getDatas" finished-at="2020-06-04T22:08:23 CST">
          <params>
            <param index="0">
              <value>
                <![CDATA[14725803693]]>
              </value>
            </param>
            <param index="1">
              <value>
                <![CDATA[123457]]>
              </value>
            </param>
            <param index="2">
              <value>
                <![CDATA[8888]]>
              </value>
            </param>
            <param index="3">
              <value>
                <![CDATA[密码错误!]]>
              </value>
            </param>
          </params>
          <exception class="java.lang.AssertionError">
            <message>
              <![CDATA[expected [密码错误!] but found [账号不存在!]]]>
            </message>
            <full-stacktrace>
              <![CDATA[java.lang.AssertionError: expected [密码错误!] but found [账号不存在!]
at org.testng.Assert.fail(Assert.java:97)
at org.testng.Assert.assertEqualsImpl(Assert.java:136)
at org.testng.Assert.assertEquals(Assert.java:118)
at org.testng.Assert.assertEquals(Assert.java:575)
at org.testng.Assert.assertEquals(Assert.java:585)
at com.lemon.auto.phoenix.base.BastTester.assertTextPresent(BastTester.java:169)
at com.lemon.auto.phoenix.testcase.RegisterTester.test(RegisterTester.java:34)
at sun.reflect.NativeMethodAccessorImpl.invoke0(Native Method)
at sun.reflect.NativeMethodAccessorImpl.invoke(NativeMethodAccessorImpl.java:62)
at sun.reflect.DelegatingMethodAccessorImpl.invoke(DelegatingMethodAccessorImpl.java:43)
at java.lang.reflect.Method.invoke(Method.java:497)
at org.testng.internal.MethodInvocationHelper.invokeMethod(MethodInvocationHelper.java:133)
at org.testng.internal.TestInvoker.invokeMethod(TestInvoker.java:584)
at org.testng.internal.TestInvoker.invokeTestMethod(TestInvoker.java:172)
at org.testng.internal.MethodRunner.runInSequence(MethodRunner.java:46)
at org.testng.internal.TestInvoker$MethodInvocationAgent.invoke(TestInvoker.java:804)
at org.testng.internal.TestInvoker.invokeTestMethods(TestInvoker.java:145)
at org.testng.internal.TestMethodWorker.invokeTestMethods(TestMethodWorker.java:146)
at org.testng.internal.TestMethodWorker.run(TestMethodWorker.java:128)
at java.util.ArrayList.forEach(ArrayList.java:1249)
at org.testng.TestRunner.privateRun(TestRunner.java:770)
at org.testng.TestRunner.run(TestRunner.java:591)
at org.testng.SuiteRunner.runTest(SuiteRunner.java:402)
at org.testng.SuiteRunner.runSequentially(SuiteRunner.java:396)
at org.testng.SuiteRunner.privateRun(SuiteRunner.java:355)
at org.testng.SuiteRunner.run(SuiteRunner.java:304)
at org.testng.SuiteRunnerWorker.runSuite(SuiteRunnerWorker.java:53)
at org.testng.SuiteRunnerWorker.run(SuiteRunnerWorker.java:96)
at org.testng.TestNG.runSuitesSequentially(TestNG.java:1180)
at org.testng.TestNG.runSuitesLocally(TestNG.java:1102)
at org.testng.TestNG.runSuites(TestNG.java:1032)
at org.testng.TestNG.run(TestNG.java:1000)
at org.testng.remote.AbstractRemoteTestNG.run(AbstractRemoteTestNG.java:115)
at org.testng.remote.RemoteTestNG.initAndRun(RemoteTestNG.java:251)
at org.testng.remote.RemoteTestNG.main(RemoteTestNG.java:77)
]]>
            </full-stacktrace>
          </exception> <!-- java.lang.AssertionError -->
          <reporter-output>
          </reporter-output>
        </test-method> <!-- test -->
        <test-method status="PASS" signature="test(java.lang.String, java.lang.String, java.lang.String, java.lang.String)[pri:0, instance:com.lemon.auto.phoenix.testcase.RegisterTester@62fdb4a6]" name="test" duration-ms="5177" started-at="2020-06-04T22:08:23 CST" data-provider="getDatas" finished-at="2020-06-04T22:08:28 CST">
          <params>
            <param index="0">
              <value>
                <![CDATA[14725803693]]>
              </value>
            </param>
            <param index="1">
              <value>
                <![CDATA[123456]]>
              </value>
            </param>
            <param index="2">
              <value>
                <![CDATA[8852]]>
              </value>
            </param>
            <param index="3">
              <value>
                <![CDATA[验证码错误]]>
              </value>
            </param>
          </params>
          <reporter-output>
          </reporter-output>
        </test-method> <!-- test -->
        <test-method status="PASS" signature="test(java.lang.String, java.lang.String, java.lang.String, java.lang.String)[pri:0, instance:com.lemon.auto.phoenix.testcase.RegisterTester@62fdb4a6]" name="test" duration-ms="4709" started-at="2020-06-04T22:08:28 CST" data-provider="getDatas" finished-at="2020-06-04T22:08:33 CST">
          <params>
            <param index="0">
              <value>
                <![CDATA[147258036931]]>
              </value>
            </param>
            <param index="1">
              <value>
                <![CDATA[123456]]>
              </value>
            </param>
            <param index="2">
              <value>
                <![CDATA[8888]]>
              </value>
            </param>
            <param index="3">
              <value>
                <![CDATA[账号格式不匹配!]]>
              </value>
            </param>
          </params>
          <reporter-output>
          </reporter-output>
        </test-method> <!-- test -->
        <test-method status="PASS" signature="afterSuite()[pri:0, instance:com.lemon.auto.phoenix.testcase.RegisterTester@62fdb4a6]" name="afterSuite" is-config="true" duration-ms="3981" started-at="2020-06-04T22:08:33 CST" finished-at="2020-06-04T22:08:37 CST">
          <reporter-output>
          </reporter-output>
        </test-method> <!-- afterSuite -->
      </class> <!-- com.lemon.auto.phoenix.testcase.RegisterTester -->
    </test> <!-- RegisterTester -->
  </suite> <!-- Siute -->
</testng-results>
